mode: set
github.com/2pizzzza/cryptosync/internal/app/app.go:16.30,24.16 7 0
github.com/2pizzzza/cryptosync/internal/app/app.go:24.16,27.3 2 0
github.com/2pizzzza/cryptosync/internal/app/app.go:29.2,41.28 7 0
github.com/2pizzzza/cryptosync/pkg/httpserver/server.go:19.56,43.2 6 0
github.com/2pizzzza/cryptosync/pkg/httpserver/server.go:45.28,46.32 1 0
github.com/2pizzzza/cryptosync/pkg/httpserver/server.go:46.32,47.13 1 0
github.com/2pizzzza/cryptosync/pkg/httpserver/server.go:51.30,52.47 1 0
github.com/2pizzzza/cryptosync/pkg/httpserver/server.go:52.47,54.3 1 0
github.com/2pizzzza/cryptosync/pkg/httpserver/server.go:56.2,56.12 1 0
github.com/2pizzzza/cryptosync/pkg/httpserver/server.go:59.25,60.38 1 0
github.com/2pizzzza/cryptosync/pkg/httpserver/server.go:60.38,62.3 1 0
github.com/2pizzzza/cryptosync/pkg/logger/logger.go:16.35,18.13 2 0
github.com/2pizzzza/cryptosync/pkg/logger/logger.go:19.16,22.4 1 0
github.com/2pizzzza/cryptosync/pkg/logger/logger.go:23.14,27.4 1 0
github.com/2pizzzza/cryptosync/pkg/logger/logger.go:28.15,31.4 1 0
github.com/2pizzzza/cryptosync/pkg/logger/logger.go:34.2,34.12 1 0
github.com/2pizzzza/cryptosync/pkg/logger/logger.go:37.74,38.46 1 0
github.com/2pizzzza/cryptosync/pkg/logger/logger.go:38.46,39.72 1 0
github.com/2pizzzza/cryptosync/pkg/logger/logger.go:39.72,53.4 4 0
github.com/2pizzzza/cryptosync/pkg/logger/logger.go:62.49,65.2 2 0
github.com/2pizzzza/cryptosync/pkg/logger/sl.go:5.31,10.2 1 0
github.com/2pizzzza/cryptosync/internal/config/config.go:34.29,42.16 6 0
github.com/2pizzzza/cryptosync/internal/config/config.go:42.16,43.56 1 0
github.com/2pizzzza/cryptosync/internal/config/config.go:43.56,45.4 1 0
github.com/2pizzzza/cryptosync/internal/config/config.go:48.2,51.16 3 0
github.com/2pizzzza/cryptosync/internal/config/config.go:51.16,53.3 1 0
github.com/2pizzzza/cryptosync/internal/config/config.go:55.2,55.21 1 0
github.com/2pizzzza/cryptosync/pkg/postgres/postgres.go:21.70,32.16 3 0
github.com/2pizzzza/cryptosync/pkg/postgres/postgres.go:32.16,34.3 1 0
github.com/2pizzzza/cryptosync/pkg/postgres/postgres.go:36.2,41.16 5 0
github.com/2pizzzza/cryptosync/pkg/postgres/postgres.go:41.16,43.3 1 0
github.com/2pizzzza/cryptosync/pkg/postgres/postgres.go:45.2,45.39 1 0
github.com/2pizzzza/cryptosync/pkg/postgres/postgres.go:45.39,48.3 2 0
github.com/2pizzzza/cryptosync/pkg/postgres/postgres.go:50.2,52.16 3 0
github.com/2pizzzza/cryptosync/pkg/postgres/postgres.go:52.16,55.3 2 0
github.com/2pizzzza/cryptosync/pkg/postgres/postgres.go:57.2,57.34 1 0
github.com/2pizzzza/cryptosync/pkg/postgres/postgres.go:60.46,75.16 3 0
github.com/2pizzzza/cryptosync/pkg/postgres/postgres.go:75.16,77.3 1 0
github.com/2pizzzza/cryptosync/pkg/postgres/postgres.go:79.2,79.61 1 0
github.com/2pizzzza/cryptosync/pkg/postgres/postgres.go:79.61,81.3 1 0
github.com/2pizzzza/cryptosync/pkg/postgres/postgres.go:83.2,83.12 1 0
github.com/2pizzzza/cryptosync/pkg/postgres/postgres.go:86.27,87.19 1 0
github.com/2pizzzza/cryptosync/pkg/postgres/postgres.go:87.19,89.3 1 0
github.com/2pizzzza/cryptosync/pkg/postgres/postgres.go:92.99,94.2 1 0
github.com/2pizzzza/cryptosync/pkg/postgres/postgres.go:96.92,98.2 1 0
github.com/2pizzzza/cryptosync/cmd/cryptosync/main.go:8.13,10.16 2 0
github.com/2pizzzza/cryptosync/cmd/cryptosync/main.go:10.16,11.13 1 0
github.com/2pizzzza/cryptosync/cmd/cryptosync/main.go:13.2,13.14 1 0
